2021-01-17 17:02:50,952 - Запущен webdriver
2021-01-17 17:02:50,952 - Инициализирован класс Tester...
2021-01-17 17:02:51,902 - Загружены данные проверок из чек-листа...
2021-01-17 17:02:51,902 - В Tester передана ссылка для тестирования - https://area-dev.sl-int.team.
2021-01-17 17:02:51,912 - Запускаем проверки для объекта - Форма авторизации
2021-01-17 17:02:51,952 - Запущена функция authorization_test с параметрами Email = nan и Password = nan
2021-01-17 17:03:15,593 - В ходе проверки 1 зафиксировано следующее состояние элементов тестирования:
2021-01-17 17:03:15,598 - ('Страница успешно загружена', {'status': True, 'details': None})
2021-01-17 17:03:15,598 - ('Проверка поля Email', {'status': True, 'details': None})
2021-01-17 17:03:15,598 - ('Проверка поля Password', {'status': True, 'details': None})
2021-01-17 17:03:15,598 - ('Состояние кнопки', {'status': False, 'details': 'Кнопка не активна'})
2021-01-17 17:03:15,598 - ('Успешная авторизация', {'status': False, 'details': ''})
2021-01-17 17:03:15,603 - Запущена функция authorization_test с параметрами Email = testcaseqa@email.com и Password = nan
2021-01-17 17:03:17,466 - В ходе проверки 2 зафиксировано следующее состояние элементов тестирования:
2021-01-17 17:03:17,467 - ('Страница успешно загружена', {'status': True, 'details': None})
2021-01-17 17:03:17,467 - ('Проверка поля Email', {'status': True, 'details': None})
2021-01-17 17:03:17,468 - ('Проверка поля Password', {'status': True, 'details': None})
2021-01-17 17:03:17,468 - ('Состояние кнопки', {'status': False, 'details': 'Кнопка не активна'})
2021-01-17 17:03:17,468 - ('Успешная авторизация', {'status': False, 'details': ''})
2021-01-17 17:03:17,473 - Запущена функция authorization_test с параметрами Email = nan и Password = TestCaseQA 
2021-01-17 17:03:19,708 - В ходе проверки 3 зафиксировано следующее состояние элементов тестирования:
2021-01-17 17:03:19,709 - ('Страница успешно загружена', {'status': True, 'details': None})
2021-01-17 17:03:19,710 - ('Проверка поля Email', {'status': True, 'details': None})
2021-01-17 17:03:19,710 - ('Проверка поля Password', {'status': True, 'details': None})
2021-01-17 17:03:19,710 - ('Состояние кнопки', {'status': False, 'details': 'Кнопка не активна'})
2021-01-17 17:03:19,711 - ('Успешная авторизация', {'status': False, 'details': ''})
2021-01-17 17:03:19,717 - Запущена функция authorization_test с параметрами Email = testcaseqa@email.com и Password = TestCase
2021-01-17 17:03:22,133 - В ходе проверки 4 зафиксировано следующее состояние элементов тестирования:
2021-01-17 17:03:22,133 - ('Страница успешно загружена', {'status': True, 'details': None})
2021-01-17 17:03:22,133 - ('Проверка поля Email', {'status': True, 'details': None})
2021-01-17 17:03:22,143 - ('Проверка поля Password', {'status': True, 'details': None})
2021-01-17 17:03:22,143 - ('Состояние кнопки', {'status': True, 'details': 'Кнопка активна'})
2021-01-17 17:03:22,143 - ('Успешная авторизация', {'status': False, 'details': 'Login or password is incorrect!'})
2021-01-17 17:03:22,143 - Запущена функция authorization_test с параметрами Email = testcaseqa@email.com и Password = TestCaseQA 
2021-01-17 17:03:24,853 - Выполнена успешная авторизация и переход на главную страницу сайта
2021-01-17 17:03:24,853 - В ходе проверки 5 зафиксировано следующее состояние элементов тестирования:
2021-01-17 17:03:24,853 - ('Страница успешно загружена', {'status': True, 'details': None})
2021-01-17 17:03:24,853 - ('Проверка поля Email', {'status': True, 'details': None})
2021-01-17 17:03:24,853 - ('Проверка поля Password', {'status': True, 'details': None})
2021-01-17 17:03:24,853 - ('Состояние кнопки', {'status': True, 'details': 'Кнопка активна'})
2021-01-17 17:03:24,853 - ('Успешная авторизация', {'status': True, 'details': None})
2021-01-17 17:03:27,024 - Webdriver успешно завершил работу
2021-01-17 17:03:30,438 - Запущена функция authorization_test с параметрами Email = testcaswwe@email.com и Password = TestCase
2021-01-17 17:04:27,404 - В ходе проверки 6 зафиксировано следующее состояние элементов тестирования:
2021-01-17 17:04:27,405 - ('Страница успешно загружена', {'status': True, 'details': None})
2021-01-17 17:04:27,407 - ('Проверка поля Email', {'status': True, 'details': None})
2021-01-17 17:04:27,409 - ('Проверка поля Password', {'status': True, 'details': None})
2021-01-17 17:04:27,410 - ('Состояние кнопки', {'status': True, 'details': 'Кнопка активна'})
2021-01-17 17:04:27,411 - ('Успешная авторизация', {'status': False, 'details': 'Login or password is incorrect!'})
2021-01-17 17:04:27,419 - Запущена функция authorization_test с параметрами Email = testcaseqa@email и Password = nan
2021-01-17 17:04:31,118 - В ходе проверки 7 зафиксировано следующее состояние элементов тестирования:
2021-01-17 17:04:31,119 - ('Страница успешно загружена', {'status': True, 'details': None})
2021-01-17 17:04:31,121 - ('Проверка поля Email', {'status': False, 'details': 'Wrong email address'})
2021-01-17 17:04:31,123 - ('Проверка поля Password', {'status': True, 'details': None})
2021-01-17 17:04:31,124 - ('Состояние кнопки', {'status': False, 'details': 'Кнопка не активна'})
2021-01-17 17:04:31,125 - ('Успешная авторизация', {'status': False, 'details': ''})
2021-01-17 17:04:31,132 - Запущена функция authorization_test с параметрами Email = testcaseqaemail.com и Password = nan
2021-01-17 17:04:33,420 - В ходе проверки 8 зафиксировано следующее состояние элементов тестирования:
2021-01-17 17:04:33,421 - ('Страница успешно загружена', {'status': True, 'details': None})
2021-01-17 17:04:33,425 - ('Проверка поля Email', {'status': False, 'details': 'Wrong email address'})
2021-01-17 17:04:33,427 - ('Проверка поля Password', {'status': True, 'details': None})
2021-01-17 17:04:33,428 - ('Состояние кнопки', {'status': False, 'details': 'Кнопка не активна'})
2021-01-17 17:04:33,428 - ('Успешная авторизация', {'status': False, 'details': ''})
2021-01-17 17:04:33,436 - Запущена функция authorization_test с параметрами Email = @email.com и Password = nan
2021-01-17 17:04:36,371 - В ходе проверки 9 зафиксировано следующее состояние элементов тестирования:
2021-01-17 17:04:36,372 - ('Страница успешно загружена', {'status': True, 'details': None})
2021-01-17 17:04:36,375 - ('Проверка поля Email', {'status': False, 'details': 'Wrong email address'})
2021-01-17 17:04:36,376 - ('Проверка поля Password', {'status': True, 'details': None})
2021-01-17 17:04:36,377 - ('Состояние кнопки', {'status': False, 'details': 'Кнопка не активна'})
2021-01-17 17:04:36,378 - ('Успешная авторизация', {'status': False, 'details': ''})
2021-01-17 17:04:36,386 - Запущена функция authorization_test с параметрами Email = nan и Password = TestCa
2021-01-17 17:04:42,081 - В ходе проверки 10 зафиксировано следующее состояние элементов тестирования:
2021-01-17 17:04:42,082 - ('Страница успешно загружена', {'status': True, 'details': None})
2021-01-17 17:04:42,085 - ('Проверка поля Email', {'status': True, 'details': None})
2021-01-17 17:04:42,087 - ('Проверка поля Password', {'status': False, 'details': 'Password must have at least 8 letters.'})
2021-01-17 17:04:42,088 - ('Состояние кнопки', {'status': False, 'details': 'Кнопка не активна'})
2021-01-17 17:04:42,089 - ('Успешная авторизация', {'status': False, 'details': ''})
2021-01-17 17:04:42,097 - Запущена функция authorization_test с параметрами Email = nan и Password = TestCaseQA TestCaseQA TestCaseQA TestCaseQA TestCaseQA TestCaseQA 
2021-01-17 17:04:45,612 - В ходе проверки 11 зафиксировано следующее состояние элементов тестирования:
2021-01-17 17:04:45,613 - ('Страница успешно загружена', {'status': True, 'details': None})
2021-01-17 17:04:45,615 - ('Проверка поля Email', {'status': True, 'details': None})
2021-01-17 17:04:45,617 - ('Проверка поля Password', {'status': False, 'details': 'Password must have no more than 64 letters.'})
2021-01-17 17:04:45,618 - ('Состояние кнопки', {'status': False, 'details': 'Кнопка не активна'})
2021-01-17 17:04:45,619 - ('Успешная авторизация', {'status': False, 'details': ''})
2021-01-17 17:04:45,629 - Запущена функция авторизации пользователя с корректными данными
2021-01-17 17:05:22,558 - Главная страница загружена успешно
2021-01-17 17:05:22,561 - Запускаем проверки для объекта - Главная страница сайта
2021-01-17 17:05:22,664 - Запускаем проверки для объекта - Оплата тарифного плана
2021-01-17 17:05:23,829 - Страница с тарифными планами успешно загружена
2021-01-17 17:05:27,657 - Страница оплаты успешно загружена
2021-01-17 17:05:27,706 - Файл с результатами проверок сохранен в C:\Users\beumanc\documents\learningprojects\sl_testing\results\result - 17-01-2021 17-05-27.xlsx
2021-01-17 17:05:29,887 - Webdriver успешно завершил работу
2021-01-17 17:05:29,887 - Завершена работа Tester
