2021-01-17 17:06:36,869 - Запущен webdriver
2021-01-17 17:06:36,869 - Инициализирован класс Tester...
2021-01-17 17:06:37,569 - Загружены данные проверок из чек-листа...
2021-01-17 17:06:37,569 - В Tester передана ссылка для тестирования - https://area-dev.sl-int.team.
2021-01-17 17:06:37,569 - Запускаем проверки для объекта - Форма авторизации
2021-01-17 17:06:37,589 - Запущена функция authorization_test с параметрами Email = nan и Password = nan
2021-01-17 17:06:45,469 - В ходе проверки 1 зафиксировано следующее состояние элементов тестирования:
2021-01-17 17:06:45,470 - ('Страница успешно загружена', {'status': True, 'details': None})
2021-01-17 17:06:45,471 - ('Проверка поля Email', {'status': True, 'details': None})
2021-01-17 17:06:45,471 - ('Проверка поля Password', {'status': True, 'details': None})
2021-01-17 17:06:45,472 - ('Состояние кнопки', {'status': False, 'details': 'Кнопка не активна'})
2021-01-17 17:06:45,472 - ('Успешная авторизация', {'status': False, 'details': ''})
2021-01-17 17:06:45,477 - Запущена функция authorization_test с параметрами Email = testcaseqa@email.com и Password = nan
2021-01-17 17:06:47,354 - В ходе проверки 2 зафиксировано следующее состояние элементов тестирования:
2021-01-17 17:06:47,355 - ('Страница успешно загружена', {'status': True, 'details': None})
2021-01-17 17:06:47,355 - ('Проверка поля Email', {'status': True, 'details': None})
2021-01-17 17:06:47,356 - ('Проверка поля Password', {'status': True, 'details': None})
2021-01-17 17:06:47,356 - ('Состояние кнопки', {'status': False, 'details': 'Кнопка не активна'})
2021-01-17 17:06:47,357 - ('Успешная авторизация', {'status': False, 'details': ''})
2021-01-17 17:06:47,361 - Запущена функция authorization_test с параметрами Email = nan и Password = TestCaseQA 
2021-01-17 17:06:49,174 - В ходе проверки 3 зафиксировано следующее состояние элементов тестирования:
2021-01-17 17:06:49,175 - ('Страница успешно загружена', {'status': True, 'details': None})
2021-01-17 17:06:49,175 - ('Проверка поля Email', {'status': True, 'details': None})
2021-01-17 17:06:49,175 - ('Проверка поля Password', {'status': True, 'details': None})
2021-01-17 17:06:49,175 - ('Состояние кнопки', {'status': False, 'details': 'Кнопка не активна'})
2021-01-17 17:06:49,176 - ('Успешная авторизация', {'status': False, 'details': ''})
2021-01-17 17:06:49,182 - Запущена функция authorization_test с параметрами Email = testcaseqa@email.com и Password = TestCase
2021-01-17 17:06:51,639 - В ходе проверки 4 зафиксировано следующее состояние элементов тестирования:
2021-01-17 17:06:51,639 - ('Страница успешно загружена', {'status': True, 'details': None})
2021-01-17 17:06:51,639 - ('Проверка поля Email', {'status': True, 'details': None})
2021-01-17 17:06:51,639 - ('Проверка поля Password', {'status': True, 'details': None})
2021-01-17 17:06:51,639 - ('Состояние кнопки', {'status': True, 'details': 'Кнопка активна'})
2021-01-17 17:06:51,639 - ('Успешная авторизация', {'status': False, 'details': 'Login or password is incorrect!'})
2021-01-17 17:06:51,644 - Запущена функция authorization_test с параметрами Email = testcaseqa@email.com и Password = TestCaseQA 33
2021-01-17 17:06:54,119 - В ходе проверки 5 зафиксировано следующее состояние элементов тестирования:
2021-01-17 17:06:54,119 - ('Страница успешно загружена', {'status': True, 'details': None})
2021-01-17 17:06:54,119 - ('Проверка поля Email', {'status': True, 'details': None})
2021-01-17 17:06:54,119 - ('Проверка поля Password', {'status': True, 'details': None})
2021-01-17 17:06:54,119 - ('Состояние кнопки', {'status': True, 'details': 'Кнопка активна'})
2021-01-17 17:06:54,119 - ('Успешная авторизация', {'status': False, 'details': 'Login or password is incorrect!'})
2021-01-17 17:06:54,129 - Запущена функция authorization_test с параметрами Email = testcaswwe@email.com и Password = TestCase
2021-01-17 17:06:56,509 - В ходе проверки 6 зафиксировано следующее состояние элементов тестирования:
2021-01-17 17:06:56,509 - ('Страница успешно загружена', {'status': True, 'details': None})
2021-01-17 17:06:56,519 - ('Проверка поля Email', {'status': True, 'details': None})
2021-01-17 17:06:56,519 - ('Проверка поля Password', {'status': True, 'details': None})
2021-01-17 17:06:56,519 - ('Состояние кнопки', {'status': True, 'details': 'Кнопка активна'})
2021-01-17 17:06:56,519 - ('Успешная авторизация', {'status': False, 'details': 'Login or password is incorrect!'})
2021-01-17 17:06:56,519 - Запущена функция authorization_test с параметрами Email = testcaseqa@email и Password = nan
2021-01-17 17:06:58,422 - В ходе проверки 7 зафиксировано следующее состояние элементов тестирования:
2021-01-17 17:06:58,423 - ('Страница успешно загружена', {'status': True, 'details': None})
2021-01-17 17:06:58,425 - ('Проверка поля Email', {'status': False, 'details': 'Wrong email address'})
2021-01-17 17:06:58,428 - ('Проверка поля Password', {'status': True, 'details': None})
2021-01-17 17:06:58,429 - ('Состояние кнопки', {'status': False, 'details': 'Кнопка не активна'})
2021-01-17 17:06:58,430 - ('Успешная авторизация', {'status': False, 'details': ''})
2021-01-17 17:06:58,436 - Запущена функция authorization_test с параметрами Email = testcaseqaemail.com и Password = nan
2021-01-17 17:07:00,251 - В ходе проверки 8 зафиксировано следующее состояние элементов тестирования:
2021-01-17 17:07:00,252 - ('Страница успешно загружена', {'status': True, 'details': None})
2021-01-17 17:07:00,254 - ('Проверка поля Email', {'status': False, 'details': 'Wrong email address'})
2021-01-17 17:07:00,255 - ('Проверка поля Password', {'status': True, 'details': None})
2021-01-17 17:07:00,256 - ('Состояние кнопки', {'status': False, 'details': 'Кнопка не активна'})
2021-01-17 17:07:00,257 - ('Успешная авторизация', {'status': False, 'details': ''})
2021-01-17 17:07:00,264 - Запущена функция authorization_test с параметрами Email = @email.com и Password = nan
2021-01-17 17:07:02,136 - В ходе проверки 9 зафиксировано следующее состояние элементов тестирования:
2021-01-17 17:07:02,137 - ('Страница успешно загружена', {'status': True, 'details': None})
2021-01-17 17:07:02,139 - ('Проверка поля Email', {'status': False, 'details': 'Wrong email address'})
2021-01-17 17:07:02,141 - ('Проверка поля Password', {'status': True, 'details': None})
2021-01-17 17:07:02,141 - ('Состояние кнопки', {'status': False, 'details': 'Кнопка не активна'})
2021-01-17 17:07:02,143 - ('Успешная авторизация', {'status': False, 'details': ''})
2021-01-17 17:07:02,151 - Запущена функция authorization_test с параметрами Email = nan и Password = TestCa
2021-01-17 17:07:04,022 - В ходе проверки 10 зафиксировано следующее состояние элементов тестирования:
2021-01-17 17:07:04,025 - ('Страница успешно загружена', {'status': True, 'details': None})
2021-01-17 17:07:04,028 - ('Проверка поля Email', {'status': True, 'details': None})
2021-01-17 17:07:04,029 - ('Проверка поля Password', {'status': False, 'details': 'Password must have at least 8 letters.'})
2021-01-17 17:07:04,030 - ('Состояние кнопки', {'status': False, 'details': 'Кнопка не активна'})
2021-01-17 17:07:04,031 - ('Успешная авторизация', {'status': False, 'details': ''})
2021-01-17 17:07:04,036 - Запущена функция authorization_test с параметрами Email = nan и Password = TestCaseQA TestCaseQA TestCaseQA TestCaseQA TestCaseQA TestCaseQA 
2021-01-17 17:07:06,046 - В ходе проверки 11 зафиксировано следующее состояние элементов тестирования:
2021-01-17 17:07:06,047 - ('Страница успешно загружена', {'status': True, 'details': None})
2021-01-17 17:07:06,049 - ('Проверка поля Email', {'status': True, 'details': None})
2021-01-17 17:07:06,050 - ('Проверка поля Password', {'status': False, 'details': 'Password must have no more than 64 letters.'})
2021-01-17 17:07:06,051 - ('Состояние кнопки', {'status': False, 'details': 'Кнопка не активна'})
2021-01-17 17:07:06,052 - ('Успешная авторизация', {'status': False, 'details': ''})
2021-01-17 17:07:06,087 - Файл с результатами проверок сохранен в C:\Users\beumanc\documents\learningprojects\sl_testing\results\result - 17-01-2021 17-07-06.xlsx
2021-01-17 17:07:08,310 - Webdriver успешно завершил работу
2021-01-17 17:07:08,310 - Завершена работа Tester
