2021-01-17 12:20:13,071 - Запущен webdriver
2021-01-17 12:20:13,071 - Инициализирован класс Tester...
2021-01-17 12:20:13,726 - Загружены данные проверок из чек-листа...
2021-01-17 12:20:13,726 - В Tester передана ссылка для тестирования - https://area-dev.sl-int.team.
2021-01-17 12:20:13,726 - Запускаем проверки для объекта - Форма авторизации
2021-01-17 12:20:13,741 - Запущена функция authorization_test с параметрами Email = nan и Password = nan
2021-01-17 12:20:19,478 - В ходе проверки 1 зафиксировано следующее состояние элементов тестирования:
2021-01-17 12:20:19,478 - ('Страница успешно загружена', {'status': True, 'details': None})
2021-01-17 12:20:19,479 - ('Проверка поля Email', {'status': True, 'details': None})
2021-01-17 12:20:19,479 - ('Проверка поля Password', {'status': True, 'details': None})
2021-01-17 12:20:19,480 - ('Состояние кнопки', {'status': False, 'details': 'Кнопка не активна'})
2021-01-17 12:20:19,480 - ('Успешная авторизация', {'status': False, 'details': ''})
2021-01-17 12:20:19,488 - Запущена функция authorization_test с параметрами Email = testcaseqa@email.com и Password = nan
2021-01-17 12:20:21,393 - В ходе проверки 2 зафиксировано следующее состояние элементов тестирования:
2021-01-17 12:20:21,393 - ('Страница успешно загружена', {'status': True, 'details': None})
2021-01-17 12:20:21,394 - ('Проверка поля Email', {'status': True, 'details': None})
2021-01-17 12:20:21,394 - ('Проверка поля Password', {'status': True, 'details': None})
2021-01-17 12:20:21,394 - ('Состояние кнопки', {'status': False, 'details': 'Кнопка не активна'})
2021-01-17 12:20:21,395 - ('Успешная авторизация', {'status': False, 'details': ''})
2021-01-17 12:20:21,400 - Запущена функция authorization_test с параметрами Email = nan и Password = TestCaseQA 
2021-01-17 12:20:23,137 - В ходе проверки 3 зафиксировано следующее состояние элементов тестирования:
2021-01-17 12:20:23,138 - ('Страница успешно загружена', {'status': True, 'details': None})
2021-01-17 12:20:23,139 - ('Проверка поля Email', {'status': True, 'details': None})
2021-01-17 12:20:23,139 - ('Проверка поля Password', {'status': True, 'details': None})
2021-01-17 12:20:23,139 - ('Состояние кнопки', {'status': False, 'details': 'Кнопка не активна'})
2021-01-17 12:20:23,139 - ('Успешная авторизация', {'status': False, 'details': ''})
2021-01-17 12:20:23,144 - Запущена функция authorization_test с параметрами Email = testcaseqa@email.com и Password = TestCase
2021-01-17 12:20:25,501 - В ходе проверки 4 зафиксировано следующее состояние элементов тестирования:
2021-01-17 12:20:25,501 - ('Страница успешно загружена', {'status': True, 'details': None})
2021-01-17 12:20:25,501 - ('Проверка поля Email', {'status': True, 'details': None})
2021-01-17 12:20:25,501 - ('Проверка поля Password', {'status': True, 'details': None})
2021-01-17 12:20:25,501 - ('Состояние кнопки', {'status': True, 'details': 'Кнопка активна'})
2021-01-17 12:20:25,501 - ('Успешная авторизация', {'status': False, 'details': 'Login or password is incorrect!'})
2021-01-17 12:20:25,501 - Запущена функция authorization_test с параметрами Email = testcaseqa@email.com и Password = TestCaseQA 
2021-01-17 12:20:32,148 - Выполнена успешная авторизация и переход на главную страницу сайта
2021-01-17 12:20:32,149 - В ходе проверки 5 зафиксировано следующее состояние элементов тестирования:
2021-01-17 12:20:32,149 - ('Страница успешно загружена', {'status': True, 'details': None})
2021-01-17 12:20:32,149 - ('Проверка поля Email', {'status': True, 'details': None})
2021-01-17 12:20:32,149 - ('Проверка поля Password', {'status': True, 'details': None})
2021-01-17 12:20:32,149 - ('Состояние кнопки', {'status': True, 'details': 'Кнопка активна'})
2021-01-17 12:20:32,150 - ('Успешная авторизация', {'status': True, 'details': None})
2021-01-17 12:20:34,371 - Webdriver успешно завершил работу
2021-01-17 12:20:37,751 - Запущена функция authorization_test с параметрами Email = testcaswwe@email.com и Password = TestCase
2021-01-17 12:20:47,191 - В ходе проверки 6 зафиксировано следующее состояние элементов тестирования:
2021-01-17 12:20:47,191 - ('Страница успешно загружена', {'status': True, 'details': None})
2021-01-17 12:20:47,191 - ('Проверка поля Email', {'status': True, 'details': None})
2021-01-17 12:20:47,191 - ('Проверка поля Password', {'status': True, 'details': None})
2021-01-17 12:20:47,191 - ('Состояние кнопки', {'status': True, 'details': 'Кнопка активна'})
2021-01-17 12:20:47,191 - ('Успешная авторизация', {'status': False, 'details': 'Login or password is incorrect!'})
2021-01-17 12:20:47,201 - Запущена функция authorization_test с параметрами Email = testcaseqa@email и Password = nan
2021-01-17 12:20:49,110 - В ходе проверки 7 зафиксировано следующее состояние элементов тестирования:
2021-01-17 12:20:49,111 - ('Страница успешно загружена', {'status': True, 'details': None})
2021-01-17 12:20:49,114 - ('Проверка поля Email', {'status': False, 'details': 'Wrong email address'})
2021-01-17 12:20:49,116 - ('Проверка поля Password', {'status': True, 'details': None})
2021-01-17 12:20:49,117 - ('Состояние кнопки', {'status': False, 'details': 'Кнопка не активна'})
2021-01-17 12:20:49,118 - ('Успешная авторизация', {'status': False, 'details': ''})
2021-01-17 12:20:49,126 - Запущена функция authorization_test с параметрами Email = testcaseqaemail.com и Password = nan
2021-01-17 12:20:51,062 - В ходе проверки 8 зафиксировано следующее состояние элементов тестирования:
2021-01-17 12:20:51,063 - ('Страница успешно загружена', {'status': True, 'details': None})
2021-01-17 12:20:51,065 - ('Проверка поля Email', {'status': False, 'details': 'Wrong email address'})
2021-01-17 12:20:51,067 - ('Проверка поля Password', {'status': True, 'details': None})
2021-01-17 12:20:51,067 - ('Состояние кнопки', {'status': False, 'details': 'Кнопка не активна'})
2021-01-17 12:20:51,068 - ('Успешная авторизация', {'status': False, 'details': ''})
2021-01-17 12:20:51,075 - Запущена функция authorization_test с параметрами Email = @email.com и Password = nan
2021-01-17 12:20:52,915 - В ходе проверки 9 зафиксировано следующее состояние элементов тестирования:
2021-01-17 12:20:52,916 - ('Страница успешно загружена', {'status': True, 'details': None})
2021-01-17 12:20:52,918 - ('Проверка поля Email', {'status': False, 'details': 'Wrong email address'})
2021-01-17 12:20:52,920 - ('Проверка поля Password', {'status': True, 'details': None})
2021-01-17 12:20:52,920 - ('Состояние кнопки', {'status': False, 'details': 'Кнопка не активна'})
2021-01-17 12:20:52,922 - ('Успешная авторизация', {'status': False, 'details': ''})
2021-01-17 12:20:52,928 - Запущена функция authorization_test с параметрами Email = nan и Password = TestCa
2021-01-17 12:20:54,677 - В ходе проверки 10 зафиксировано следующее состояние элементов тестирования:
2021-01-17 12:20:54,678 - ('Страница успешно загружена', {'status': True, 'details': None})
2021-01-17 12:20:54,680 - ('Проверка поля Email', {'status': True, 'details': None})
2021-01-17 12:20:54,681 - ('Проверка поля Password', {'status': False, 'details': 'Password must have at least 8 letters.'})
2021-01-17 12:20:54,682 - ('Состояние кнопки', {'status': False, 'details': 'Кнопка не активна'})
2021-01-17 12:20:54,683 - ('Успешная авторизация', {'status': False, 'details': ''})
2021-01-17 12:20:54,689 - Запущена функция authorization_test с параметрами Email = nan и Password = TestCaseQA TestCaseQA TestCaseQA TestCaseQA TestCaseQA TestCaseQA 
2021-01-17 12:20:56,583 - В ходе проверки 11 зафиксировано следующее состояние элементов тестирования:
2021-01-17 12:20:56,584 - ('Страница успешно загружена', {'status': True, 'details': None})
2021-01-17 12:20:56,587 - ('Проверка поля Email', {'status': True, 'details': None})
2021-01-17 12:20:56,588 - ('Проверка поля Password', {'status': False, 'details': 'Password must have no more than 64 letters.'})
2021-01-17 12:20:56,589 - ('Состояние кнопки', {'status': False, 'details': 'Кнопка не активна'})
2021-01-17 12:20:56,589 - ('Успешная авторизация', {'status': False, 'details': ''})
2021-01-17 12:20:56,596 - Запущена функция авторизации пользователя с корректными данными
2021-01-17 12:21:03,238 - Главная страница загружена успешно
2021-01-17 12:21:03,240 - Запускаем проверки для объекта - Главная страница сайта
2021-01-17 12:21:03,356 - Запускаем проверки для объекта - Оплата тарифного плана
2021-01-17 12:21:03,640 - Страница с тарифными планами успешно загружена
2021-01-17 12:21:05,620 - Страница оплаты успешно загружена
2021-01-17 12:21:05,662 - Файл с результатами проверок сохранен в C:\Users\beumanc\documents\learningprojects\sl_testing\results\result - 17-01-2021 12-21-05.xlsx
2021-01-17 12:21:07,871 - Webdriver успешно завершил работу
2021-01-17 12:21:07,871 - Завершена работа Tester
