2021-01-18 09:49:21,364 - Запущен webdriver
2021-01-18 09:49:21,365 - Инициализирован класс Tester...
2021-01-18 09:49:24,405 - Загружены данные проверок из чек-листа...
2021-01-18 09:49:24,405 - В Tester передана ссылка для тестирования - https://area-dev.sl-int.team.
2021-01-18 09:49:24,405 - Запускаем проверки для объекта - Форма авторизации
2021-01-18 09:49:24,490 - Запущена функция authorization_test с параметрами Email = nan и Password = nan
2021-01-18 09:49:29,460 - В ходе проверки 1 зафиксировано следующее состояние элементов тестирования:
2021-01-18 09:49:29,461 - ('Страница успешно загружена', {'status': True, 'details': None})
2021-01-18 09:49:29,462 - ('Проверка поля Email', {'status': True, 'details': None})
2021-01-18 09:49:29,462 - ('Проверка поля Password', {'status': True, 'details': None})
2021-01-18 09:49:29,463 - ('Состояние кнопки', {'status': False, 'details': 'Кнопка не активна'})
2021-01-18 09:49:29,463 - ('Успешная авторизация', {'status': False, 'details': ''})
2021-01-18 09:49:29,473 - Запущена функция authorization_test с параметрами Email = testcaseqa@email.com и Password = nan
2021-01-18 09:49:31,282 - В ходе проверки 2 зафиксировано следующее состояние элементов тестирования:
2021-01-18 09:49:31,283 - ('Страница успешно загружена', {'status': True, 'details': None})
2021-01-18 09:49:31,283 - ('Проверка поля Email', {'status': True, 'details': None})
2021-01-18 09:49:31,284 - ('Проверка поля Password', {'status': True, 'details': None})
2021-01-18 09:49:31,284 - ('Состояние кнопки', {'status': False, 'details': 'Кнопка не активна'})
2021-01-18 09:49:31,284 - ('Успешная авторизация', {'status': False, 'details': ''})
2021-01-18 09:49:31,290 - Запущена функция authorization_test с параметрами Email = nan и Password = TestCaseQA 
2021-01-18 09:49:33,033 - В ходе проверки 3 зафиксировано следующее состояние элементов тестирования:
2021-01-18 09:49:33,034 - ('Страница успешно загружена', {'status': True, 'details': None})
2021-01-18 09:49:33,037 - ('Проверка поля Email', {'status': True, 'details': None})
2021-01-18 09:49:33,040 - ('Проверка поля Password', {'status': True, 'details': None})
2021-01-18 09:49:33,040 - ('Состояние кнопки', {'status': False, 'details': 'Кнопка не активна'})
2021-01-18 09:49:33,041 - ('Успешная авторизация', {'status': False, 'details': ''})
2021-01-18 09:49:33,049 - Запущена функция authorization_test с параметрами Email = testcaseqa@email.com и Password = TestCase
2021-01-18 09:49:35,444 - В ходе проверки 4 зафиксировано следующее состояние элементов тестирования:
2021-01-18 09:49:35,444 - ('Страница успешно загружена', {'status': True, 'details': None})
2021-01-18 09:49:35,460 - ('Проверка поля Email', {'status': True, 'details': None})
2021-01-18 09:49:35,460 - ('Проверка поля Password', {'status': True, 'details': None})
2021-01-18 09:49:35,460 - ('Состояние кнопки', {'status': True, 'details': 'Кнопка активна'})
2021-01-18 09:49:35,460 - ('Успешная авторизация', {'status': False, 'details': 'Login or password is incorrect!'})
2021-01-18 09:49:35,460 - Запущена функция authorization_test с параметрами Email = testcaseqa@email.com и Password = TestCaseQA 
2021-01-18 09:49:42,668 - Выполнена успешная авторизация и переход на главную страницу сайта
2021-01-18 09:49:42,669 - В ходе проверки 5 зафиксировано следующее состояние элементов тестирования:
2021-01-18 09:49:42,671 - ('Страница успешно загружена', {'status': True, 'details': None})
2021-01-18 09:49:42,673 - ('Проверка поля Email', {'status': True, 'details': None})
2021-01-18 09:49:42,674 - ('Проверка поля Password', {'status': True, 'details': None})
2021-01-18 09:49:42,675 - ('Состояние кнопки', {'status': True, 'details': 'Кнопка активна'})
2021-01-18 09:49:42,676 - ('Успешная авторизация', {'status': True, 'details': None})
2021-01-18 09:49:44,954 - Webdriver успешно завершил работу
