2021-01-18 09:51:04,232 - Запущен webdriver
2021-01-18 09:51:04,232 - Инициализирован класс Tester...
2021-01-18 09:51:05,020 - Загружены данные проверок из чек-листа...
2021-01-18 09:51:05,020 - В Tester передана ссылка для тестирования - https://area-dev.sl-int.team.
2021-01-18 09:51:05,022 - Запускаем проверки для объекта - Форма авторизации
2021-01-18 09:51:05,032 - Запущена функция authorization_test с параметрами Email = nan и Password = nan
2021-01-18 09:51:08,939 - В ходе проверки 1 зафиксировано следующее состояние элементов тестирования:
2021-01-18 09:51:08,939 - ('Страница успешно загружена', {'status': True, 'details': None})
2021-01-18 09:51:08,940 - ('Проверка поля Email', {'status': True, 'details': None})
2021-01-18 09:51:08,940 - ('Проверка поля Password', {'status': True, 'details': None})
2021-01-18 09:51:08,941 - ('Состояние кнопки', {'status': False, 'details': 'Кнопка не активна'})
2021-01-18 09:51:08,941 - ('Успешная авторизация', {'status': False, 'details': ''})
2021-01-18 09:51:08,948 - Запущена функция authorization_test с параметрами Email = testcaseqa@email.com и Password = nan
2021-01-18 09:51:10,761 - В ходе проверки 2 зафиксировано следующее состояние элементов тестирования:
2021-01-18 09:51:10,762 - ('Страница успешно загружена', {'status': True, 'details': None})
2021-01-18 09:51:10,763 - ('Проверка поля Email', {'status': True, 'details': None})
2021-01-18 09:51:10,763 - ('Проверка поля Password', {'status': True, 'details': None})
2021-01-18 09:51:10,763 - ('Состояние кнопки', {'status': False, 'details': 'Кнопка не активна'})
2021-01-18 09:51:10,764 - ('Успешная авторизация', {'status': False, 'details': ''})
2021-01-18 09:51:10,770 - Запущена функция authorization_test с параметрами Email = nan и Password = TestCaseQA 
2021-01-18 09:51:12,544 - В ходе проверки 3 зафиксировано следующее состояние элементов тестирования:
2021-01-18 09:51:12,545 - ('Страница успешно загружена', {'status': True, 'details': None})
2021-01-18 09:51:12,545 - ('Проверка поля Email', {'status': True, 'details': None})
2021-01-18 09:51:12,546 - ('Проверка поля Password', {'status': True, 'details': None})
2021-01-18 09:51:12,546 - ('Состояние кнопки', {'status': False, 'details': 'Кнопка не активна'})
2021-01-18 09:51:12,546 - ('Успешная авторизация', {'status': False, 'details': ''})
2021-01-18 09:51:12,551 - Запущена функция authorization_test с параметрами Email = testcaseqa@email.com и Password = TestCase
2021-01-18 09:51:14,924 - В ходе проверки 4 зафиксировано следующее состояние элементов тестирования:
2021-01-18 09:51:14,924 - ('Страница успешно загружена', {'status': True, 'details': None})
2021-01-18 09:51:14,925 - ('Проверка поля Email', {'status': True, 'details': None})
2021-01-18 09:51:14,925 - ('Проверка поля Password', {'status': True, 'details': None})
2021-01-18 09:51:14,925 - ('Состояние кнопки', {'status': True, 'details': 'Кнопка активна'})
2021-01-18 09:51:14,926 - ('Успешная авторизация', {'status': False, 'details': 'Login or password is incorrect!'})
2021-01-18 09:51:14,930 - Запущена функция authorization_test с параметрами Email = testcaseqa@email.com и Password = TestCaseQA 
2021-01-18 09:51:21,450 - Выполнена успешная авторизация и переход на главную страницу сайта
2021-01-18 09:51:21,450 - В ходе проверки 5 зафиксировано следующее состояние элементов тестирования:
2021-01-18 09:51:21,451 - ('Страница успешно загружена', {'status': True, 'details': None})
2021-01-18 09:51:21,451 - ('Проверка поля Email', {'status': True, 'details': None})
2021-01-18 09:51:21,452 - ('Проверка поля Password', {'status': True, 'details': None})
2021-01-18 09:51:21,452 - ('Состояние кнопки', {'status': True, 'details': 'Кнопка активна'})
2021-01-18 09:51:21,452 - ('Успешная авторизация', {'status': True, 'details': None})
2021-01-18 09:51:23,666 - Webdriver успешно завершил работу
2021-01-18 09:51:23,666 - Перезапуск webdriver для очистки cookies и повторной авторизации
2021-01-18 09:51:27,056 - Запущена функция authorization_test с параметрами Email = testcaswwe@email.com и Password = TestCase
2021-01-18 09:51:31,559 - В ходе проверки 6 зафиксировано следующее состояние элементов тестирования:
2021-01-18 09:51:31,559 - ('Страница успешно загружена', {'status': True, 'details': None})
2021-01-18 09:51:31,559 - ('Проверка поля Email', {'status': True, 'details': None})
2021-01-18 09:51:31,559 - ('Проверка поля Password', {'status': True, 'details': None})
2021-01-18 09:51:31,559 - ('Состояние кнопки', {'status': True, 'details': 'Кнопка активна'})
2021-01-18 09:51:31,559 - ('Успешная авторизация', {'status': False, 'details': 'Login or password is incorrect!'})
2021-01-18 09:51:31,574 - Запущена функция authorization_test с параметрами Email = testcaseqa@email и Password = nan
2021-01-18 09:51:33,419 - В ходе проверки 7 зафиксировано следующее состояние элементов тестирования:
2021-01-18 09:51:33,420 - ('Страница успешно загружена', {'status': True, 'details': None})
2021-01-18 09:51:33,422 - ('Проверка поля Email', {'status': False, 'details': 'Wrong email address'})
2021-01-18 09:51:33,424 - ('Проверка поля Password', {'status': True, 'details': None})
2021-01-18 09:51:33,425 - ('Состояние кнопки', {'status': False, 'details': 'Кнопка не активна'})
2021-01-18 09:51:33,426 - ('Успешная авторизация', {'status': False, 'details': ''})
2021-01-18 09:51:33,431 - Запущена функция authorization_test с параметрами Email = testcaseqaemail.com и Password = nan
2021-01-18 09:51:35,186 - В ходе проверки 8 зафиксировано следующее состояние элементов тестирования:
2021-01-18 09:51:35,187 - ('Страница успешно загружена', {'status': True, 'details': None})
2021-01-18 09:51:35,189 - ('Проверка поля Email', {'status': False, 'details': 'Wrong email address'})
2021-01-18 09:51:35,191 - ('Проверка поля Password', {'status': True, 'details': None})
2021-01-18 09:51:35,193 - ('Состояние кнопки', {'status': False, 'details': 'Кнопка не активна'})
2021-01-18 09:51:35,195 - ('Успешная авторизация', {'status': False, 'details': ''})
2021-01-18 09:51:35,200 - Запущена функция authorization_test с параметрами Email = @email.com и Password = nan
2021-01-18 09:51:36,946 - В ходе проверки 9 зафиксировано следующее состояние элементов тестирования:
2021-01-18 09:51:36,947 - ('Страница успешно загружена', {'status': True, 'details': None})
2021-01-18 09:51:36,949 - ('Проверка поля Email', {'status': False, 'details': 'Wrong email address'})
2021-01-18 09:51:36,950 - ('Проверка поля Password', {'status': True, 'details': None})
2021-01-18 09:51:36,951 - ('Состояние кнопки', {'status': False, 'details': 'Кнопка не активна'})
2021-01-18 09:51:36,952 - ('Успешная авторизация', {'status': False, 'details': ''})
2021-01-18 09:51:36,961 - Запущена функция authorization_test с параметрами Email = nan и Password = TestCa
2021-01-18 09:51:38,769 - В ходе проверки 10 зафиксировано следующее состояние элементов тестирования:
2021-01-18 09:51:38,770 - ('Страница успешно загружена', {'status': True, 'details': None})
2021-01-18 09:51:38,771 - ('Проверка поля Email', {'status': True, 'details': None})
2021-01-18 09:51:38,774 - ('Проверка поля Password', {'status': False, 'details': 'Password must have at least 8 letters.'})
2021-01-18 09:51:38,775 - ('Состояние кнопки', {'status': False, 'details': 'Кнопка не активна'})
2021-01-18 09:51:38,776 - ('Успешная авторизация', {'status': False, 'details': ''})
2021-01-18 09:51:38,784 - Запущена функция authorization_test с параметрами Email = nan и Password = TestCaseQA TestCaseQA TestCaseQA TestCaseQA TestCaseQA TestCaseQA 
2021-01-18 09:51:40,727 - В ходе проверки 11 зафиксировано следующее состояние элементов тестирования:
2021-01-18 09:51:40,728 - ('Страница успешно загружена', {'status': True, 'details': None})
2021-01-18 09:51:40,730 - ('Проверка поля Email', {'status': True, 'details': None})
2021-01-18 09:51:40,731 - ('Проверка поля Password', {'status': False, 'details': 'Password must have no more than 64 letters.'})
2021-01-18 09:51:40,732 - ('Состояние кнопки', {'status': False, 'details': 'Кнопка не активна'})
2021-01-18 09:51:40,732 - ('Успешная авторизация', {'status': False, 'details': ''})
2021-01-18 09:51:40,744 - Запущена функция авторизации пользователя с корректными данными
2021-01-18 09:51:46,902 - Главная страница загружена успешно
2021-01-18 09:51:46,905 - Запускаем проверки для объекта - Главная страница сайта
2021-01-18 09:51:47,026 - Запускаем проверки для объекта - Оплата тарифного плана
2021-01-18 09:51:47,262 - Страница с тарифными планами успешно загружена
2021-01-18 09:51:50,124 - Страница оплаты успешно загружена
2021-01-18 09:51:50,195 - Файл с результатами проверок сохранен в C:\Users\beumanc\Documents\learningprojects\github\sl_web_testing_app\results\result - 18-01-2021 09-50-59.xlsx
2021-01-18 09:51:53,404 - Webdriver успешно завершил работу
2021-01-18 09:51:53,404 - Завершена работа Tester
